c:\users\user\desktop\fbxloader - 복사본 - 복사본\d3dx_base\debug\d3dx_base.pch
c:\users\user\desktop\fbxloader - 복사본 - 복사본\d3dx_base\debug\vc140.pdb
c:\users\user\desktop\fbxloader - 복사본 - 복사본\d3dx_base\debug\vc140.idb
c:\users\user\desktop\fbxloader - 복사본 - 복사본\d3dx_base\debug\stdafx.obj
c:\users\user\desktop\fbxloader - 복사본 - 복사본\d3dx_base\debug\ccamera.obj
c:\users\user\desktop\fbxloader - 복사본 - 복사본\d3dx_base\debug\cdevicemanager.obj
c:\users\user\desktop\fbxloader - 복사본 - 복사본\d3dx_base\debug\cgrid.obj
c:\users\user\desktop\fbxloader - 복사본 - 복사본\d3dx_base\debug\cgroup.obj
c:\users\user\desktop\fbxloader - 복사본 - 복사본\d3dx_base\debug\cingame.obj
c:\users\user\desktop\fbxloader - 복사본 - 복사본\d3dx_base\debug\ckeymanager.obj
c:\users\user\desktop\fbxloader - 복사본 - 복사본\d3dx_base\debug\cmaingame.obj
c:\users\user\desktop\fbxloader - 복사본 - 복사본\d3dx_base\debug\cmainmenu.obj
c:\users\user\desktop\fbxloader - 복사본 - 복사본\d3dx_base\debug\cmtltex.obj
c:\users\user\desktop\fbxloader - 복사본 - 복사본\d3dx_base\debug\cobject.obj
c:\users\user\desktop\fbxloader - 복사본 - 복사본\d3dx_base\debug\cobjectmanager.obj
c:\users\user\desktop\fbxloader - 복사본 - 복사본\d3dx_base\debug\cobjloader.obj
c:\users\user\desktop\fbxloader - 복사본 - 복사본\d3dx_base\debug\cobjmap.obj
c:\users\user\desktop\fbxloader - 복사본 - 복사본\d3dx_base\debug\cscenemanager.obj
c:\users\user\desktop\fbxloader - 복사본 - 복사본\d3dx_base\debug\cspritemanager.obj
c:\users\user\desktop\fbxloader - 복사본 - 복사본\d3dx_base\debug\ctexturemanager.obj
c:\users\user\desktop\fbxloader - 복사본 - 복사본\d3dx_base\debug\ctimemanager.obj
c:\users\user\desktop\fbxloader - 복사본 - 복사본\d3dx_base\debug\d3dx_base.obj
c:\users\user\desktop\fbxloader - 복사본 - 복사본\d3dx_base\debug\imap.obj
c:\users\user\desktop\fbxloader - 복사본 - 복사본\d3dx_base\debug\iscene.obj
c:\users\user\desktop\fbxloader - 복사본 - 복사본\d3dx_base\debug\caseloader.obj
c:\users\user\desktop\fbxloader - 복사본 - 복사본\d3dx_base\debug\casenode.obj
c:\users\user\desktop\4dollor\d3dx_base\debug\d3dx_base.pch
c:\users\user\desktop\4dollor\d3dx_base\debug\vc140.pdb
c:\users\user\desktop\4dollor\d3dx_base\debug\vc140.idb
c:\users\user\desktop\4dollor\d3dx_base\debug\stdafx.obj
c:\users\user\desktop\4dollor\d3dx_base\debug\ccamera.obj
c:\users\user\desktop\4dollor\d3dx_base\debug\cdevicemanager.obj
c:\users\user\desktop\4dollor\d3dx_base\debug\cgrid.obj
c:\users\user\desktop\4dollor\d3dx_base\debug\cgroup.obj
c:\users\user\desktop\4dollor\d3dx_base\debug\cingame.obj
c:\users\user\desktop\4dollor\d3dx_base\debug\ckeymanager.obj
c:\users\user\desktop\4dollor\d3dx_base\debug\cmaingame.obj
c:\users\user\desktop\4dollor\d3dx_base\debug\cmainmenu.obj
c:\users\user\desktop\4dollor\d3dx_base\debug\cmtltex.obj
c:\users\user\desktop\4dollor\d3dx_base\debug\cobject.obj
c:\users\user\desktop\4dollor\d3dx_base\debug\cobjectmanager.obj
c:\users\user\desktop\4dollor\d3dx_base\debug\cobjloader.obj
c:\users\user\desktop\4dollor\d3dx_base\debug\cobjmap.obj
c:\users\user\desktop\4dollor\d3dx_base\debug\cscenemanager.obj
c:\users\user\desktop\4dollor\d3dx_base\debug\cspritemanager.obj
c:\users\user\desktop\4dollor\d3dx_base\debug\ctexturemanager.obj
c:\users\user\desktop\4dollor\d3dx_base\debug\ctimemanager.obj
c:\users\user\desktop\4dollor\d3dx_base\debug\d3dx_base.obj
c:\users\user\desktop\4dollor\d3dx_base\debug\imap.obj
c:\users\user\desktop\4dollor\d3dx_base\debug\iscene.obj
c:\users\user\desktop\4dollor\d3dx_base\debug\caseloader.obj
c:\users\user\desktop\4dollor\d3dx_base\debug\casenode.obj
c:\users\user\desktop\4dollor\debug\d3dx_base.ilk
c:\users\user\desktop\4dollor\debug\d3dx_base.exe
c:\users\user\desktop\4dollor\debug\d3dx_base.pdb
c:\users\user\desktop\fbxloader - 복사본 - 복사본\d3dx_base\debug\d3dx_base.res
c:\users\user\desktop\4dollor\d3dx_base\debug\d3dx_base.res
c:\users\user\desktop\4dollor\d3dx_base\debug\d3dx_base.tlog\cl.command.1.tlog
c:\users\user\desktop\4dollor\d3dx_base\debug\d3dx_base.tlog\cl.read.1.tlog
c:\users\user\desktop\4dollor\d3dx_base\debug\d3dx_base.tlog\cl.write.1.tlog
c:\users\user\desktop\4dollor\d3dx_base\debug\d3dx_base.tlog\link.command.1.tlog
c:\users\user\desktop\4dollor\d3dx_base\debug\d3dx_base.tlog\link.read.1.tlog
c:\users\user\desktop\4dollor\d3dx_base\debug\d3dx_base.tlog\link.write.1.tlog
c:\users\user\desktop\4dollor\d3dx_base\debug\d3dx_base.tlog\rc.command.1.tlog
c:\users\user\desktop\4dollor\d3dx_base\debug\d3dx_base.tlog\rc.read.1.tlog
c:\users\user\desktop\4dollor\d3dx_base\debug\d3dx_base.tlog\rc.write.1.tlog
